2023-10-12 10:44:51 - Neovide panicked with the message 'Focus Lost Failed: DecodeError(ReaderError(Custom { kind: UnexpectedEof, error: "EOF" }), "nvim_ui_set_focus")'. (File: src/bridge/ui_commands.rs; Line: 147, Column: 48)
   0: <unknown>
   1: <unknown>
   2: <unknown>
   3: <unknown>
   4: <unknown>
   5: <unknown>
   6: <unknown>
   7: <unknown>
   8: <unknown>
   9: <unknown>
  10: <unknown>
  11: <unknown>
  12: <unknown>
  13: <unknown>
  14: start_thread
             at ./nptl/pthread_create.c:442:8
  15: clone3
             at ./misc/../sysdeps/unix/sysv/linux/x86_64/clone3.S:81

2023-10-12 10:44:51 - Neovide panicked with the message 'Focus Gained Failed: DecodeError(ReaderError(Custom { kind: UnexpectedEof, error: "EOF" }), "nvim_ui_set_focus")'. (File: src/bridge/ui_commands.rs; Line: 150, Column: 47)
   0: <unknown>
   1: <unknown>
   2: <unknown>
   3: <unknown>
   4: <unknown>
   5: <unknown>
   6: <unknown>
   7: <unknown>
   8: <unknown>
   9: <unknown>
  10: <unknown>
  11: <unknown>
  12: <unknown>
  13: <unknown>
  14: start_thread
             at ./nptl/pthread_create.c:442:8
  15: clone3
             at ./misc/../sysdeps/unix/sysv/linux/x86_64/clone3.S:81

2023-10-12 10:44:51 - Neovide panicked with the message 'Input failed: DecodeError(ReaderError(Custom { kind: UnexpectedEof, error: "EOF" }), "nvim_input")'. (File: src/bridge/ui_commands.rs; Line: 53, Column: 50)
   0: <unknown>
   1: <unknown>
   2: <unknown>
   3: <unknown>
   4: <unknown>
   5: <unknown>
   6: <unknown>
   7: <unknown>
   8: <unknown>
   9: <unknown>
  10: <unknown>
  11: <unknown>
  12: <unknown>
  13: <unknown>
  14: start_thread
             at ./nptl/pthread_create.c:442:8
  15: clone3
             at ./misc/../sysdeps/unix/sysv/linux/x86_64/clone3.S:81

2023-10-12 10:44:51 - Neovide panicked with the message 'Focus Lost Failed: DecodeError(ReaderError(Custom { kind: UnexpectedEof, error: "EOF" }), "nvim_ui_set_focus")'. (File: src/bridge/ui_commands.rs; Line: 147, Column: 48)
   0: <unknown>
   1: <unknown>
   2: <unknown>
   3: <unknown>
   4: <unknown>
   5: <unknown>
   6: <unknown>
   7: <unknown>
   8: <unknown>
   9: <unknown>
  10: <unknown>
  11: <unknown>
  12: <unknown>
  13: <unknown>
  14: start_thread
             at ./nptl/pthread_create.c:442:8
  15: clone3
             at ./misc/../sysdeps/unix/sysv/linux/x86_64/clone3.S:81

